This is e-pTeX, Version 3.14159265-p3.8.2-190908-2.6 (utf8.euc) (TeX Live 2019/Debian) (preloaded format=platex 2022.3.25)  23 MAY 2022 03:47
entering extended mode
 restricted \write18 enabled.
 %&-line parsing enabled.
**/home/kyosu/ml/PRML/answer/03_linear_regression_model/3_21
(/home/kyosu/ml/PRML/answer/03_linear_regression_model/3_21.tex
pLaTeX2e <2020-02-02>+2 (based on LaTeX2e <2020-02-02> patch level 2)
L3 programming layer <2020-02-14>
(/usr/share/texlive/texmf-dist/tex/latex/nag/nag.sty
Package: nag 2011/11/25 0.7 warning about old commands (ulmi)
\c@nag@c=\count166
\c@nag@sins=\count167
Package nag Info: Loaded nag-l2tabu.cfg  on input line 552.

(/usr/share/texlive/texmf-dist/tex/latex/nag/nag-l2tabu.cfg
File: nag-l2tabu.cfg 2010/05/17 v2.11 l2tabu rules for nag.sty (ulmi)
)
Package nag Info: Loaded nag-orthodox.cfg  on input line 552.

(/usr/share/texlive/texmf-dist/tex/latex/nag/nag-orthodox.cfg
File: nag-orthodox.cfg 2006/04/19 v1.8 strict rules for nag.sty (ulmi)
))
(/usr/share/texlive/texmf-dist/tex/platex/jsclasses/jsarticle.cls
Document Class: jsarticle 2020/02/02 jsclasses (okumura, texjporg)
\jsc@mpt=\dimen150
\jsc@mmm=\dimen151
\jsc@smallskipamount=\skip47
LaTeX Info: Redefining \textmc on input line 496.
LaTeX Info: Redefining \textgt on input line 498.
\symmincho=\mathgroup4
LaTeX Font Info:    Overwriting symbol font `mincho' in version `bold'
(Font)                  JY1/mc/m/n --> JY1/gt/m/n on input line 560.
LaTeX Font Info:    Font shape `JT1/mc/m/n' will be
(Font)              scaled to size 9.60999pt on input line 751.
LaTeX Font Info:    Font shape `JY1/mc/m/n' will be
(Font)              scaled to size 9.60999pt on input line 751.
\fullwidth=\dimen152
LaTeX Font Info:    Font shape `JT1/mc/m/n' will be
(Font)              scaled to size 7.68799pt on input line 904.
LaTeX Font Info:    Font shape `JY1/mc/m/n' will be
(Font)              scaled to size 7.68799pt on input line 904.
\c@part=\count168
\c@section=\count169
\c@subsection=\count170
\c@subsubsection=\count171
\c@paragraph=\count172
\c@subparagraph=\count173
\@abstractbox=\box61
\c@figure=\count174
\c@table=\count175
\abovecaptionskip=\skip48
\belowcaptionskip=\skip49
\jsc@tocl@width=\dimen153
\@lnumwidth=\dimen154
\bibindent=\dimen155
(/usr/share/texlive/texmf-dist/tex/platex/jsclasses/jslogo.sty
Package: jslogo 2019/07/25 okumura, texjporg
LaTeX Info: Redefining \TeX on input line 94.
LaTeX Info: Redefining \LaTeX on input line 147.
LaTeX Info: Redefining \LaTeXe on input line 200.
)
\heisei=\count176
)
(/usr/share/texlive/texmf-dist/tex/latex/graphics/graphicx.sty
Package: graphicx 2019/11/30 v1.2a Enhanced LaTeX Graphics (DPC,SPQR)

(/usr/share/texlive/texmf-dist/tex/latex/graphics/keyval.sty
Package: keyval 2014/10/28 v1.15 key=value parser (DPC)
\KV@toks@=\toks15
)
(/usr/share/texlive/texmf-dist/tex/latex/graphics/graphics.sty
Package: graphics 2019/11/30 v1.4a Standard LaTeX Graphics (DPC,SPQR)

(/usr/share/texlive/texmf-dist/tex/latex/graphics/trig.sty
Package: trig 2016/01/03 v1.10 sin cos tan (DPC)
)
(/usr/share/texlive/texmf-dist/tex/latex/graphics-cfg/graphics.cfg
File: graphics.cfg 2016/06/04 v1.11 sample graphics configuration
)
Package graphics Info: Driver file: dvipdfmx.def on input line 105.

(/usr/share/texlive/texmf-dist/tex/latex/graphics-def/dvipdfmx.def
File: dvipdfmx.def 2017/06/24 v5.0g Graphics/color driver for dvipdfmx
))
\Gin@req@height=\dimen156
\Gin@req@width=\dimen157
)
(/usr/share/texlive/texmf-dist/tex/latex/physics/physics.sty
Package: physics 

(/usr/share/texlive/texmf-dist/tex/latex/l3packages/xparse/xparse.sty
(/usr/share/texlive/texmf-dist/tex/latex/l3kernel/expl3.sty
Package: expl3 2020-02-14 L3 programming layer (loader) 

(/usr/share/texlive/texmf-dist/tex/latex/l3backend/l3backend-dvips.def
File: l3backend-dvips.def 2020-02-03 L3 backend support: dvips
\l__pdf_internal_box=\box62
\g__pdf_backend_object_int=\count177
\l__pdf_backend_content_box=\box63
\l__pdf_backend_model_box=\box64
\g__pdf_backend_annotation_int=\count178
\g__pdf_backend_link_int=\count179
\g__pdf_backend_link_sf_int=\count180
))
Package: xparse 2020-02-14 L3 Experimental document command parser
\l__xparse_current_arg_int=\count181
\g__xparse_grabber_int=\count182
\l__xparse_m_args_int=\count183
\l__xparse_v_nesting_int=\count184
)
(/usr/share/texlive/texmf-dist/tex/latex/amsmath/amsmath.sty
Package: amsmath 2020/01/20 v2.17e AMS math features
\@mathmargin=\skip50

For additional information on amsmath, use the `?' option.
(/usr/share/texlive/texmf-dist/tex/latex/amsmath/amstext.sty
Package: amstext 2000/06/29 v2.01 AMS text

(/usr/share/texlive/texmf-dist/tex/latex/amsmath/amsgen.sty
File: amsgen.sty 1999/11/30 v2.0 generic functions
\@emptytoks=\toks16
\ex@=\dimen158
))
(/usr/share/texlive/texmf-dist/tex/latex/amsmath/amsbsy.sty
Package: amsbsy 1999/11/29 v1.2d Bold Symbols
\pmbraise@=\dimen159
)
(/usr/share/texlive/texmf-dist/tex/latex/amsmath/amsopn.sty
Package: amsopn 2016/03/08 v2.02 operator names
)
\inf@bad=\count185
LaTeX Info: Redefining \frac on input line 227.
\uproot@=\count186
\leftroot@=\count187
LaTeX Info: Redefining \overline on input line 389.
\classnum@=\count188
\DOTSCASE@=\count189
LaTeX Info: Redefining \ldots on input line 486.
LaTeX Info: Redefining \dots on input line 489.
LaTeX Info: Redefining \cdots on input line 610.
\Mathstrutbox@=\box65
\strutbox@=\box66
\big@size=\dimen160
LaTeX Font Info:    Redeclaring font encoding OML on input line 733.
LaTeX Font Info:    Redeclaring font encoding OMS on input line 734.
\macc@depth=\count190
\c@MaxMatrixCols=\count191
\dotsspace@=\muskip16
\c@parentequation=\count192
\dspbrk@lvl=\count193
\tag@help=\toks17
\row@=\count194
\column@=\count195
\maxfields@=\count196
\andhelp@=\toks18
\eqnshift@=\dimen161
\alignsep@=\dimen162
\tagshift@=\dimen163
\tagwidth@=\dimen164
\totwidth@=\dimen165
\lineht@=\dimen166
\@envbody=\toks19
\multlinegap=\skip51
\multlinetaggap=\skip52
\mathdisplay@stack=\toks20
LaTeX Info: Redefining \[ on input line 2859.
LaTeX Info: Redefining \] on input line 2860.
))
(/usr/share/texlive/texmf-dist/tex/latex/amsfonts/amssymb.sty
Package: amssymb 2013/01/14 v3.01 AMS font symbols

(/usr/share/texlive/texmf-dist/tex/latex/amsfonts/amsfonts.sty
Package: amsfonts 2013/01/14 v3.01 Basic AMSFonts support
\symAMSa=\mathgroup5
\symAMSb=\mathgroup6
LaTeX Font Info:    Redeclaring math symbol \hbar on input line 98.
LaTeX Font Info:    Overwriting math alphabet `\mathfrak' in version `bold'
(Font)                  U/euf/m/n --> U/euf/b/n on input line 106.
)) (./3_21.aux)
\openout1 = `3_21.aux'.

LaTeX Font Info:    Checking defaults for OML/cmm/m/it on input line 11.
LaTeX Font Info:    ... okay on input line 11.
LaTeX Font Info:    Checking defaults for OMS/cmsy/m/n on input line 11.
LaTeX Font Info:    ... okay on input line 11.
LaTeX Font Info:    Checking defaults for OT1/cmr/m/n on input line 11.
LaTeX Font Info:    ... okay on input line 11.
LaTeX Font Info:    Checking defaults for T1/cmr/m/n on input line 11.
LaTeX Font Info:    ... okay on input line 11.
LaTeX Font Info:    Checking defaults for TS1/cmr/m/n on input line 11.
LaTeX Font Info:    ... okay on input line 11.
LaTeX Font Info:    Checking defaults for OMX/cmex/m/n on input line 11.
LaTeX Font Info:    ... okay on input line 11.
LaTeX Font Info:    Checking defaults for U/cmr/m/n on input line 11.
LaTeX Font Info:    ... okay on input line 11.
LaTeX Font Info:    Checking defaults for JY1/mc/m/n on input line 11.
LaTeX Font Info:    ... okay on input line 11.
LaTeX Font Info:    Checking defaults for JT1/mc/m/n on input line 11.
LaTeX Font Info:    ... okay on input line 11.
Package nag Info: Command \frontmatter not defined, skipping amendment on input
 line 11.
Package nag Info: Command \mainmatter not defined, skipping amendment on input 
line 11.
Package nag Info: Command \backmatter not defined, skipping amendment on input 
line 11.
Package nag Info: Command \RaggedLeft not defined, skipping amendment on input 
line 11.
Package nag Info: Command \RaggedRight not defined, skipping amendment on input
 line 11.
Package nag Info: Command \caption@xlabel not defined, skipping amendment on in
put line 11.
Package nag Info: Command \captionabove not defined, skipping amendment on inpu
t line 11.
Package nag Info: Command \captionbelow not defined, skipping amendment on inpu
t line 11.
Package nag Info: Command \hc@caption not defined, skipping amendment on input 
line 11.
Package nag Info: Command \topcaption not defined, skipping amendment on input 
line 11.
LaTeX Font Info:    Font shape `JT1/mc/m/n' will be
(Font)              scaled to size 16.60605pt on input line 12.
LaTeX Font Info:    Font shape `JY1/mc/m/n' will be
(Font)              scaled to size 16.60605pt on input line 12.
LaTeX Font Info:    Font shape `JT1/mc/m/n' will be
(Font)              scaled to size 11.53198pt on input line 12.
LaTeX Font Info:    Font shape `JY1/mc/m/n' will be
(Font)              scaled to size 11.53198pt on input line 12.
LaTeX Font Info:    Font shape `JY1/mc/m/n' will be
(Font)              scaled to size 5.76599pt on input line 12.
LaTeX Font Info:    Trying to load font information for U+msa on input line 12.


(/usr/share/texlive/texmf-dist/tex/latex/amsfonts/umsa.fd
File: umsa.fd 2013/01/14 v3.01 AMS symbols A
)
LaTeX Font Info:    Trying to load font information for U+msb on input line 12.


(/usr/share/texlive/texmf-dist/tex/latex/amsfonts/umsb.fd
File: umsb.fd 2013/01/14 v3.01 AMS symbols B
)

LaTeX Warning: No \author given.

LaTeX Font Info:    Font shape `JY1/mc/m/n' will be
(Font)              scaled to size 6.72699pt on input line 16.
LaTeX Font Info:    Font shape `JY1/mc/m/n' will be
(Font)              scaled to size 4.805pt on input line 16.

Package nag Warning: Command \rm is an old LaTeX 2.09 command. 
(nag)                Use \rmfamily or \textrm instead on input line 21.


Package nag Warning: Command \rm is an old LaTeX 2.09 command. 
(nag)                Use \rmfamily or \textrm instead on input line 21.


Package nag Warning: Command \bf is an old LaTeX 2.09 command. 
(nag)                Use \bfseries or \textbf instead on input line 21.

LaTeX Font Info:    Font shape `JY1/gt/m/n' will be
(Font)              scaled to size 9.60999pt on input line 21.
LaTeX Font Info:    Font shape `JY1/gt/m/n' will be
(Font)              scaled to size 6.72699pt on input line 21.
LaTeX Font Info:    Font shape `JY1/gt/m/n' will be
(Font)              scaled to size 4.805pt on input line 21.

Package nag Warning: Command \rm is an old LaTeX 2.09 command. 
(nag)                Use \rmfamily or \textrm instead on input line 21.


Package nag Warning: Command \bf is an old LaTeX 2.09 command. 
(nag)                Use \bfseries or \textbf instead on input line 21.


Package nag Warning: Command \rm is an old LaTeX 2.09 command. 
(nag)                Use \rmfamily or \textrm instead on input line 21.


Package nag Warning: Command \rm is an old LaTeX 2.09 command. 
(nag)                Use \rmfamily or \textrm instead on input line 21.


Package nag Warning: Command \bf is an old LaTeX 2.09 command. 
(nag)                Use \bfseries or \textbf instead on input line 21.


Package nag Warning: Command \rm is an old LaTeX 2.09 command. 
(nag)                Use \rmfamily or \textrm instead on input line 21.


Package nag Warning: Command \rm is an old LaTeX 2.09 command. 
(nag)                Use \rmfamily or \textrm instead on input line 21.


Package nag Warning: Command \bf is an old LaTeX 2.09 command. 
(nag)                Use \bfseries or \textbf instead on input line 21.


Package nag Warning: Command \rm is an old LaTeX 2.09 command. 
(nag)                Use \rmfamily or \textrm instead on input line 21.


Package nag Warning: Command \bf is an old LaTeX 2.09 command. 
(nag)                Use \bfseries or \textbf instead on input line 21.


Package nag Warning: Command \rm is an old LaTeX 2.09 command. 
(nag)                Use \rmfamily or \textrm instead on input line 21.


Package nag Warning: Command \rm is an old LaTeX 2.09 command. 
(nag)                Use \rmfamily or \textrm instead on input line 21.


Package nag Warning: Command \bf is an old LaTeX 2.09 command. 
(nag)                Use \bfseries or \textbf instead on input line 21.


Package nag Warning: Command \bf is an old LaTeX 2.09 command. 
(nag)                Use \bfseries or \textbf instead on input line 23.


Package nag Warning: Command \bf is an old LaTeX 2.09 command. 
(nag)                Use \bfseries or \textbf instead on input line 23.


Package nag Warning: Command \bf is an old LaTeX 2.09 command. 
(nag)                Use \bfseries or \textbf instead on input line 31.


Package nag Warning: Command \bf is an old LaTeX 2.09 command. 
(nag)                Use \bfseries or \textbf instead on input line 31.


Package nag Warning: Command \bf is an old LaTeX 2.09 command. 
(nag)                Use \bfseries or \textbf instead on input line 31.


Package nag Warning: Command \bf is an old LaTeX 2.09 command. 
(nag)                Use \bfseries or \textbf instead on input line 31.


Package nag Warning: Command \bf is an old LaTeX 2.09 command. 
(nag)                Use \bfseries or \textbf instead on input line 34.


Package nag Warning: Command \bf is an old LaTeX 2.09 command. 
(nag)                Use \bfseries or \textbf instead on input line 34.


Package nag Warning: Command \bf is an old LaTeX 2.09 command. 
(nag)                Use \bfseries or \textbf instead on input line 37.


Package nag Warning: Command \bf is an old LaTeX 2.09 command. 
(nag)                Use \bfseries or \textbf instead on input line 37.


Package nag Warning: Command \bf is an old LaTeX 2.09 command. 
(nag)                Use \bfseries or \textbf instead on input line 37.


Package nag Warning: Command \bf is an old LaTeX 2.09 command. 
(nag)                Use \bfseries or \textbf instead on input line 37.


Package nag Warning: Command \bf is an old LaTeX 2.09 command. 
(nag)                Use \bfseries or \textbf instead on input line 37.


Package nag Warning: Command \bf is an old LaTeX 2.09 command. 
(nag)                Use \bfseries or \textbf instead on input line 37.


Package nag Warning: Command \bf is an old LaTeX 2.09 command. 
(nag)                Use \bfseries or \textbf instead on input line 43.


Package nag Warning: Command \bf is an old LaTeX 2.09 command. 
(nag)                Use \bfseries or \textbf instead on input line 43.


Package nag Warning: Command \bf is an old LaTeX 2.09 command. 
(nag)                Use \bfseries or \textbf instead on input line 43.


Package nag Warning: Command \bf is an old LaTeX 2.09 command. 
(nag)                Use \bfseries or \textbf instead on input line 43.


Package nag Warning: Command \bf is an old LaTeX 2.09 command. 
(nag)                Use \bfseries or \textbf instead on input line 46.


Package nag Warning: Command \bf is an old LaTeX 2.09 command. 
(nag)                Use \bfseries or \textbf instead on input line 46.


Package nag Warning: Command \bf is an old LaTeX 2.09 command. 
(nag)                Use \bfseries or \textbf instead on input line 46.


Package nag Warning: Command \bf is an old LaTeX 2.09 command. 
(nag)                Use \bfseries or \textbf instead on input line 46.


Package nag Warning: Command \bf is an old LaTeX 2.09 command. 
(nag)                Use \bfseries or \textbf instead on input line 46.


Package nag Warning: Command \bf is an old LaTeX 2.09 command. 
(nag)                Use \bfseries or \textbf instead on input line 46.


Package nag Warning: Command \bf is an old LaTeX 2.09 command. 
(nag)                Use \bfseries or \textbf instead on input line 49.


Package nag Warning: Command \bf is an old LaTeX 2.09 command. 
(nag)                Use \bfseries or \textbf instead on input line 49.


Package nag Warning: Command \bf is an old LaTeX 2.09 command. 
(nag)                Use \bfseries or \textbf instead on input line 49.


Package nag Warning: Command \bf is an old LaTeX 2.09 command. 
(nag)                Use \bfseries or \textbf instead on input line 49.


Package nag Warning: Command \bf is an old LaTeX 2.09 command. 
(nag)                Use \bfseries or \textbf instead on input line 49.


Package nag Warning: Command \bf is an old LaTeX 2.09 command. 
(nag)                Use \bfseries or \textbf instead on input line 49.


Package nag Warning: Command \bf is an old LaTeX 2.09 command. 
(nag)                Use \bfseries or \textbf instead on input line 52.


Package nag Warning: Command \bf is an old LaTeX 2.09 command. 
(nag)                Use \bfseries or \textbf instead on input line 52.


Package nag Warning: Command \rm is an old LaTeX 2.09 command. 
(nag)                Use \rmfamily or \textrm instead on input line 56.


Package nag Warning: Command \bf is an old LaTeX 2.09 command. 
(nag)                Use \bfseries or \textbf instead on input line 57.


Package nag Warning: Command \rm is an old LaTeX 2.09 command. 
(nag)                Use \rmfamily or \textrm instead on input line 57.


Package nag Warning: Command \rm is an old LaTeX 2.09 command. 
(nag)                Use \rmfamily or \textrm instead on input line 58.

[1

]

Package nag Warning: Command \bf is an old LaTeX 2.09 command. 
(nag)                Use \bfseries or \textbf instead on input line 66.


Package nag Warning: Command \bf is an old LaTeX 2.09 command. 
(nag)                Use \bfseries or \textbf instead on input line 66.


Package nag Warning: Command \bf is an old LaTeX 2.09 command. 
(nag)                Use \bfseries or \textbf instead on input line 66.


Package nag Warning: Command \bf is an old LaTeX 2.09 command. 
(nag)                Use \bfseries or \textbf instead on input line 66.


Package nag Warning: Command \bf is an old LaTeX 2.09 command. 
(nag)                Use \bfseries or \textbf instead on input line 66.


Package nag Warning: Command \bf is an old LaTeX 2.09 command. 
(nag)                Use \bfseries or \textbf instead on input line 66.


Package nag Warning: Command \bf is an old LaTeX 2.09 command. 
(nag)                Use \bfseries or \textbf instead on input line 66.


Package nag Warning: Command \bf is an old LaTeX 2.09 command. 
(nag)                Use \bfseries or \textbf instead on input line 66.


Package nag Warning: Command \bf is an old LaTeX 2.09 command. 
(nag)                Use \bfseries or \textbf instead on input line 66.


Package nag Warning: Command \bf is an old LaTeX 2.09 command. 
(nag)                Use \bfseries or \textbf instead on input line 66.


Package nag Warning: Command \rm is an old LaTeX 2.09 command. 
(nag)                Use \rmfamily or \textrm instead on input line 68.


Package nag Warning: Command \rm is an old LaTeX 2.09 command. 
(nag)                Use \rmfamily or \textrm instead on input line 68.


Package nag Warning: Command \bf is an old LaTeX 2.09 command. 
(nag)                Use \bfseries or \textbf instead on input line 68.


Package nag Warning: Command \rm is an old LaTeX 2.09 command. 
(nag)                Use \rmfamily or \textrm instead on input line 75.


Package nag Warning: Command \rm is an old LaTeX 2.09 command. 
(nag)                Use \rmfamily or \textrm instead on input line 75.


Package nag Warning: Command \bf is an old LaTeX 2.09 command. 
(nag)                Use \bfseries or \textbf instead on input line 75.


Package nag Warning: Command \rm is an old LaTeX 2.09 command. 
(nag)                Use \rmfamily or \textrm instead on input line 75.


Package nag Warning: Command \rm is an old LaTeX 2.09 command. 
(nag)                Use \rmfamily or \textrm instead on input line 75.


Package nag Warning: Command \rm is an old LaTeX 2.09 command. 
(nag)                Use \rmfamily or \textrm instead on input line 75.


Package nag Warning: Command \rm is an old LaTeX 2.09 command. 
(nag)                Use \rmfamily or \textrm instead on input line 75.


Package nag Warning: Command \rm is an old LaTeX 2.09 command. 
(nag)                Use \rmfamily or \textrm instead on input line 75.


Package nag Warning: Command \rm is an old LaTeX 2.09 command. 
(nag)                Use \rmfamily or \textrm instead on input line 75.


Package nag Warning: Command \rm is an old LaTeX 2.09 command. 
(nag)                Use \rmfamily or \textrm instead on input line 75.


Package nag Warning: Command \rm is an old LaTeX 2.09 command. 
(nag)                Use \rmfamily or \textrm instead on input line 75.


Package nag Warning: Command \bf is an old LaTeX 2.09 command. 
(nag)                Use \bfseries or \textbf instead on input line 75.


Package nag Warning: Command \rm is an old LaTeX 2.09 command. 
(nag)                Use \rmfamily or \textrm instead on input line 75.


Package nag Warning: Command \rm is an old LaTeX 2.09 command. 
(nag)                Use \rmfamily or \textrm instead on input line 75.


Package nag Warning: Command \rm is an old LaTeX 2.09 command. 
(nag)                Use \rmfamily or \textrm instead on input line 75.


Package nag Warning: Command \rm is an old LaTeX 2.09 command. 
(nag)                Use \rmfamily or \textrm instead on input line 75.


Package nag Warning: Command \rm is an old LaTeX 2.09 command. 
(nag)                Use \rmfamily or \textrm instead on input line 75.


Package nag Warning: Command \rm is an old LaTeX 2.09 command. 
(nag)                Use \rmfamily or \textrm instead on input line 75.


Package nag Warning: Command \rm is an old LaTeX 2.09 command. 
(nag)                Use \rmfamily or \textrm instead on input line 90.


Package nag Warning: Command \bf is an old LaTeX 2.09 command. 
(nag)                Use \bfseries or \textbf instead on input line 90.


Package nag Warning: Command \rm is an old LaTeX 2.09 command. 
(nag)                Use \rmfamily or \textrm instead on input line 90.


Package nag Warning: Command \rm is an old LaTeX 2.09 command. 
(nag)                Use \rmfamily or \textrm instead on input line 90.


Package nag Warning: Command \bf is an old LaTeX 2.09 command. 
(nag)                Use \bfseries or \textbf instead on input line 90.


Package nag Warning: Command \rm is an old LaTeX 2.09 command. 
(nag)                Use \rmfamily or \textrm instead on input line 90.


Package nag Warning: Command \bf is an old LaTeX 2.09 command. 
(nag)                Use \bfseries or \textbf instead on input line 90.


Package nag Warning: Command \bf is an old LaTeX 2.09 command. 
(nag)                Use \bfseries or \textbf instead on input line 90.


Package nag Warning: Command \rm is an old LaTeX 2.09 command. 
(nag)                Use \rmfamily or \textrm instead on input line 90.


Package nag Warning: Command \rm is an old LaTeX 2.09 command. 
(nag)                Use \rmfamily or \textrm instead on input line 90.


Package nag Warning: Command \bf is an old LaTeX 2.09 command. 
(nag)                Use \bfseries or \textbf instead on input line 90.


Package nag Warning: Command \bf is an old LaTeX 2.09 command. 
(nag)                Use \bfseries or \textbf instead on input line 90.


Package nag Warning: Command \rm is an old LaTeX 2.09 command. 
(nag)                Use \rmfamily or \textrm instead on input line 90.


Package nag Warning: Command \bf is an old LaTeX 2.09 command. 
(nag)                Use \bfseries or \textbf instead on input line 90.


Package nag Warning: Command \bf is an old LaTeX 2.09 command. 
(nag)                Use \bfseries or \textbf instead on input line 90.


Package nag Warning: Command \rm is an old LaTeX 2.09 command. 
(nag)                Use \rmfamily or \textrm instead on input line 90.


Package nag Warning: Command \rm is an old LaTeX 2.09 command. 
(nag)                Use \rmfamily or \textrm instead on input line 90.


Package nag Warning: Command \bf is an old LaTeX 2.09 command. 
(nag)                Use \bfseries or \textbf instead on input line 90.


Package nag Warning: Command \bf is an old LaTeX 2.09 command. 
(nag)                Use \bfseries or \textbf instead on input line 90.


Package nag Warning: Command \rm is an old LaTeX 2.09 command. 
(nag)                Use \rmfamily or \textrm instead on input line 90.


Package nag Warning: Command \bf is an old LaTeX 2.09 command. 
(nag)                Use \bfseries or \textbf instead on input line 90.


Package nag Warning: Command \rm is an old LaTeX 2.09 command. 
(nag)                Use \rmfamily or \textrm instead on input line 90.


Package nag Warning: Command \bf is an old LaTeX 2.09 command. 
(nag)                Use \bfseries or \textbf instead on input line 90.


Package nag Warning: Command \bf is an old LaTeX 2.09 command. 
(nag)                Use \bfseries or \textbf instead on input line 90.


Package nag Warning: Command \rm is an old LaTeX 2.09 command. 
(nag)                Use \rmfamily or \textrm instead on input line 90.


Package nag Warning: Command \bf is an old LaTeX 2.09 command. 
(nag)                Use \bfseries or \textbf instead on input line 90.


Package nag Warning: Command \rm is an old LaTeX 2.09 command. 
(nag)                Use \rmfamily or \textrm instead on input line 90.


Package nag Warning: Command \rm is an old LaTeX 2.09 command. 
(nag)                Use \rmfamily or \textrm instead on input line 90.


Package nag Warning: Command \bf is an old LaTeX 2.09 command. 
(nag)                Use \bfseries or \textbf instead on input line 90.


Package nag Warning: Command \bf is an old LaTeX 2.09 command. 
(nag)                Use \bfseries or \textbf instead on input line 90.


Package nag Warning: Command \rm is an old LaTeX 2.09 command. 
(nag)                Use \rmfamily or \textrm instead on input line 90.


Package nag Warning: Command \rm is an old LaTeX 2.09 command. 
(nag)                Use \rmfamily or \textrm instead on input line 90.


Package nag Warning: Command \bf is an old LaTeX 2.09 command. 
(nag)                Use \bfseries or \textbf instead on input line 90.


Package nag Warning: Command \bf is an old LaTeX 2.09 command. 
(nag)                Use \bfseries or \textbf instead on input line 90.


Package nag Warning: Command \bf is an old LaTeX 2.09 command. 
(nag)                Use \bfseries or \textbf instead on input line 90.


Package nag Warning: Command \rm is an old LaTeX 2.09 command. 
(nag)                Use \rmfamily or \textrm instead on input line 90.


Package nag Warning: Command \bf is an old LaTeX 2.09 command. 
(nag)                Use \bfseries or \textbf instead on input line 90.


Package nag Warning: Command \rm is an old LaTeX 2.09 command. 
(nag)                Use \rmfamily or \textrm instead on input line 90.


Package nag Warning: Command \rm is an old LaTeX 2.09 command. 
(nag)                Use \rmfamily or \textrm instead on input line 90.


Package nag Warning: Command \bf is an old LaTeX 2.09 command. 
(nag)                Use \bfseries or \textbf instead on input line 90.


Package nag Warning: Command \bf is an old LaTeX 2.09 command. 
(nag)                Use \bfseries or \textbf instead on input line 90.


Package nag Warning: Command \rm is an old LaTeX 2.09 command. 
(nag)                Use \rmfamily or \textrm instead on input line 90.


Package nag Warning: Command \rm is an old LaTeX 2.09 command. 
(nag)                Use \rmfamily or \textrm instead on input line 90.


Package nag Warning: Command \bf is an old LaTeX 2.09 command. 
(nag)                Use \bfseries or \textbf instead on input line 90.


Package nag Warning: Command \bf is an old LaTeX 2.09 command. 
(nag)                Use \bfseries or \textbf instead on input line 90.


Package nag Warning: Command \bf is an old LaTeX 2.09 command. 
(nag)                Use \bfseries or \textbf instead on input line 90.


Package nag Warning: Command \bf is an old LaTeX 2.09 command. 
(nag)                Use \bfseries or \textbf instead on input line 90.


Package nag Warning: Command \bf is an old LaTeX 2.09 command. 
(nag)                Use \bfseries or \textbf instead on input line 90.


Package nag Warning: Command \rm is an old LaTeX 2.09 command. 
(nag)                Use \rmfamily or \textrm instead on input line 90.


Package nag Warning: Command \bf is an old LaTeX 2.09 command. 
(nag)                Use \bfseries or \textbf instead on input line 90.


Package nag Warning: Command \rm is an old LaTeX 2.09 command. 
(nag)                Use \rmfamily or \textrm instead on input line 90.


Package nag Warning: Command \rm is an old LaTeX 2.09 command. 
(nag)                Use \rmfamily or \textrm instead on input line 90.


Package nag Warning: Command \rm is an old LaTeX 2.09 command. 
(nag)                Use \rmfamily or \textrm instead on input line 90.


Package nag Warning: Command \rm is an old LaTeX 2.09 command. 
(nag)                Use \rmfamily or \textrm instead on input line 90.


Package nag Warning: Command \bf is an old LaTeX 2.09 command. 
(nag)                Use \bfseries or \textbf instead on input line 90.


Package nag Warning: Command \bf is an old LaTeX 2.09 command. 
(nag)                Use \bfseries or \textbf instead on input line 90.


Package nag Warning: Command \bf is an old LaTeX 2.09 command. 
(nag)                Use \bfseries or \textbf instead on input line 90.


Package nag Warning: Command \bf is an old LaTeX 2.09 command. 
(nag)                Use \bfseries or \textbf instead on input line 90.


Package nag Warning: Command \bf is an old LaTeX 2.09 command. 
(nag)                Use \bfseries or \textbf instead on input line 90.


Package nag Warning: Command \bf is an old LaTeX 2.09 command. 
(nag)                Use \bfseries or \textbf instead on input line 90.


Package nag Warning: Command \bf is an old LaTeX 2.09 command. 
(nag)                Use \bfseries or \textbf instead on input line 90.


Package nag Warning: Command \rm is an old LaTeX 2.09 command. 
(nag)                Use \rmfamily or \textrm instead on input line 90.


Package nag Warning: Command \bf is an old LaTeX 2.09 command. 
(nag)                Use \bfseries or \textbf instead on input line 90.


Package nag Warning: Command \rm is an old LaTeX 2.09 command. 
(nag)                Use \rmfamily or \textrm instead on input line 90.


Package nag Warning: Command \rm is an old LaTeX 2.09 command. 
(nag)                Use \rmfamily or \textrm instead on input line 90.


Package nag Warning: Command \rm is an old LaTeX 2.09 command. 
(nag)                Use \rmfamily or \textrm instead on input line 90.


Package nag Warning: Command \rm is an old LaTeX 2.09 command. 
(nag)                Use \rmfamily or \textrm instead on input line 90.


Package nag Warning: Command \bf is an old LaTeX 2.09 command. 
(nag)                Use \bfseries or \textbf instead on input line 90.


Package nag Warning: Command \bf is an old LaTeX 2.09 command. 
(nag)                Use \bfseries or \textbf instead on input line 90.


Package nag Warning: Command \bf is an old LaTeX 2.09 command. 
(nag)                Use \bfseries or \textbf instead on input line 90.


Package nag Warning: Command \rm is an old LaTeX 2.09 command. 
(nag)                Use \rmfamily or \textrm instead on input line 90.


Package nag Warning: Command \bf is an old LaTeX 2.09 command. 
(nag)                Use \bfseries or \textbf instead on input line 90.


Package nag Warning: Command \rm is an old LaTeX 2.09 command. 
(nag)                Use \rmfamily or \textrm instead on input line 90.


Package nag Warning: Command \rm is an old LaTeX 2.09 command. 
(nag)                Use \rmfamily or \textrm instead on input line 90.


Package nag Warning: Command \rm is an old LaTeX 2.09 command. 
(nag)                Use \rmfamily or \textrm instead on input line 90.


Package nag Warning: Command \rm is an old LaTeX 2.09 command. 
(nag)                Use \rmfamily or \textrm instead on input line 90.


Package nag Warning: Command \bf is an old LaTeX 2.09 command. 
(nag)                Use \bfseries or \textbf instead on input line 90.


Package nag Warning: Command \bf is an old LaTeX 2.09 command. 
(nag)                Use \bfseries or \textbf instead on input line 90.


Package nag Warning: Command \rm is an old LaTeX 2.09 command. 
(nag)                Use \rmfamily or \textrm instead on input line 90.


Package nag Warning: Command \bf is an old LaTeX 2.09 command. 
(nag)                Use \bfseries or \textbf instead on input line 90.


Package nag Warning: Command \rm is an old LaTeX 2.09 command. 
(nag)                Use \rmfamily or \textrm instead on input line 90.


Package nag Warning: Command \bf is an old LaTeX 2.09 command. 
(nag)                Use \bfseries or \textbf instead on input line 90.


Package nag Warning: Command \rm is an old LaTeX 2.09 command. 
(nag)                Use \rmfamily or \textrm instead on input line 90.


Package nag Warning: Command \rm is an old LaTeX 2.09 command. 
(nag)                Use \rmfamily or \textrm instead on input line 90.


Package nag Warning: Command \rm is an old LaTeX 2.09 command. 
(nag)                Use \rmfamily or \textrm instead on input line 90.


Package nag Warning: Command \rm is an old LaTeX 2.09 command. 
(nag)                Use \rmfamily or \textrm instead on input line 90.


Package nag Warning: Command \rm is an old LaTeX 2.09 command. 
(nag)                Use \rmfamily or \textrm instead on input line 90.


Package nag Warning: Command \bf is an old LaTeX 2.09 command. 
(nag)                Use \bfseries or \textbf instead on input line 90.


Package nag Warning: Command \rm is an old LaTeX 2.09 command. 
(nag)                Use \rmfamily or \textrm instead on input line 90.


Package nag Warning: Command \bf is an old LaTeX 2.09 command. 
(nag)                Use \bfseries or \textbf instead on input line 90.


Package nag Warning: Command \bf is an old LaTeX 2.09 command. 
(nag)                Use \bfseries or \textbf instead on input line 90.


Package nag Warning: Command \rm is an old LaTeX 2.09 command. 
(nag)                Use \rmfamily or \textrm instead on input line 90.


Package nag Warning: Command \bf is an old LaTeX 2.09 command. 
(nag)                Use \bfseries or \textbf instead on input line 90.


Package nag Warning: Command \rm is an old LaTeX 2.09 command. 
(nag)                Use \rmfamily or \textrm instead on input line 90.


Package nag Warning: Command \rm is an old LaTeX 2.09 command. 
(nag)                Use \rmfamily or \textrm instead on input line 90.


Package nag Warning: Command \rm is an old LaTeX 2.09 command. 
(nag)                Use \rmfamily or \textrm instead on input line 90.


Package nag Warning: Command \rm is an old LaTeX 2.09 command. 
(nag)                Use \rmfamily or \textrm instead on input line 90.


Package nag Warning: Command \rm is an old LaTeX 2.09 command. 
(nag)                Use \rmfamily or \textrm instead on input line 90.


Package nag Warning: Command \rm is an old LaTeX 2.09 command. 
(nag)                Use \rmfamily or \textrm instead on input line 90.


Package nag Warning: Command \bf is an old LaTeX 2.09 command. 
(nag)                Use \bfseries or \textbf instead on input line 90.


Package nag Warning: Command \bf is an old LaTeX 2.09 command. 
(nag)                Use \bfseries or \textbf instead on input line 90.


Package nag Warning: Command \rm is an old LaTeX 2.09 command. 
(nag)                Use \rmfamily or \textrm instead on input line 90.


Package nag Warning: Command \rm is an old LaTeX 2.09 command. 
(nag)                Use \rmfamily or \textrm instead on input line 90.


Package nag Warning: Command \rm is an old LaTeX 2.09 command. 
(nag)                Use \rmfamily or \textrm instead on input line 90.


Package nag Warning: Command \rm is an old LaTeX 2.09 command. 
(nag)                Use \rmfamily or \textrm instead on input line 90.


Package nag Warning: Command \rm is an old LaTeX 2.09 command. 
(nag)                Use \rmfamily or \textrm instead on input line 90.


Package nag Warning: Command \bf is an old LaTeX 2.09 command. 
(nag)                Use \bfseries or \textbf instead on input line 90.


Package nag Warning: Command \rm is an old LaTeX 2.09 command. 
(nag)                Use \rmfamily or \textrm instead on input line 90.


Package nag Warning: Command \rm is an old LaTeX 2.09 command. 
(nag)                Use \rmfamily or \textrm instead on input line 90.


Package nag Warning: Command \rm is an old LaTeX 2.09 command. 
(nag)                Use \rmfamily or \textrm instead on input line 90.


Package nag Warning: Command \bf is an old LaTeX 2.09 command. 
(nag)                Use \bfseries or \textbf instead on input line 90.


Package nag Warning: Command \rm is an old LaTeX 2.09 command. 
(nag)                Use \rmfamily or \textrm instead on input line 90.


Package nag Warning: Command \rm is an old LaTeX 2.09 command. 
(nag)                Use \rmfamily or \textrm instead on input line 90.


Package nag Warning: Command \bf is an old LaTeX 2.09 command. 
(nag)                Use \bfseries or \textbf instead on input line 90.


Package nag Warning: Command \rm is an old LaTeX 2.09 command. 
(nag)                Use \rmfamily or \textrm instead on input line 90.


Package nag Warning: Command \bf is an old LaTeX 2.09 command. 
(nag)                Use \bfseries or \textbf instead on input line 90.


Package nag Warning: Command \bf is an old LaTeX 2.09 command. 
(nag)                Use \bfseries or \textbf instead on input line 90.


Package nag Warning: Command \rm is an old LaTeX 2.09 command. 
(nag)                Use \rmfamily or \textrm instead on input line 90.


Package nag Warning: Command \rm is an old LaTeX 2.09 command. 
(nag)                Use \rmfamily or \textrm instead on input line 90.


Package nag Warning: Command \bf is an old LaTeX 2.09 command. 
(nag)                Use \bfseries or \textbf instead on input line 90.


Package nag Warning: Command \bf is an old LaTeX 2.09 command. 
(nag)                Use \bfseries or \textbf instead on input line 90.


Package nag Warning: Command \rm is an old LaTeX 2.09 command. 
(nag)                Use \rmfamily or \textrm instead on input line 90.


Package nag Warning: Command \bf is an old LaTeX 2.09 command. 
(nag)                Use \bfseries or \textbf instead on input line 90.


Package nag Warning: Command \bf is an old LaTeX 2.09 command. 
(nag)                Use \bfseries or \textbf instead on input line 90.


Package nag Warning: Command \rm is an old LaTeX 2.09 command. 
(nag)                Use \rmfamily or \textrm instead on input line 90.


Package nag Warning: Command \rm is an old LaTeX 2.09 command. 
(nag)                Use \rmfamily or \textrm instead on input line 90.


Package nag Warning: Command \bf is an old LaTeX 2.09 command. 
(nag)                Use \bfseries or \textbf instead on input line 90.


Package nag Warning: Command \bf is an old LaTeX 2.09 command. 
(nag)                Use \bfseries or \textbf instead on input line 90.


Package nag Warning: Command \rm is an old LaTeX 2.09 command. 
(nag)                Use \rmfamily or \textrm instead on input line 90.


Package nag Warning: Command \bf is an old LaTeX 2.09 command. 
(nag)                Use \bfseries or \textbf instead on input line 90.


Package nag Warning: Command \rm is an old LaTeX 2.09 command. 
(nag)                Use \rmfamily or \textrm instead on input line 90.


Package nag Warning: Command \bf is an old LaTeX 2.09 command. 
(nag)                Use \bfseries or \textbf instead on input line 90.


Package nag Warning: Command \bf is an old LaTeX 2.09 command. 
(nag)                Use \bfseries or \textbf instead on input line 90.


Package nag Warning: Command \rm is an old LaTeX 2.09 command. 
(nag)                Use \rmfamily or \textrm instead on input line 90.


Package nag Warning: Command \bf is an old LaTeX 2.09 command. 
(nag)                Use \bfseries or \textbf instead on input line 90.


Package nag Warning: Command \rm is an old LaTeX 2.09 command. 
(nag)                Use \rmfamily or \textrm instead on input line 90.


Package nag Warning: Command \rm is an old LaTeX 2.09 command. 
(nag)                Use \rmfamily or \textrm instead on input line 90.


Package nag Warning: Command \bf is an old LaTeX 2.09 command. 
(nag)                Use \bfseries or \textbf instead on input line 90.


Package nag Warning: Command \bf is an old LaTeX 2.09 command. 
(nag)                Use \bfseries or \textbf instead on input line 90.


Package nag Warning: Command \rm is an old LaTeX 2.09 command. 
(nag)                Use \rmfamily or \textrm instead on input line 90.


Package nag Warning: Command \rm is an old LaTeX 2.09 command. 
(nag)                Use \rmfamily or \textrm instead on input line 90.


Package nag Warning: Command \bf is an old LaTeX 2.09 command. 
(nag)                Use \bfseries or \textbf instead on input line 90.


Package nag Warning: Command \bf is an old LaTeX 2.09 command. 
(nag)                Use \bfseries or \textbf instead on input line 90.


Package nag Warning: Command \bf is an old LaTeX 2.09 command. 
(nag)                Use \bfseries or \textbf instead on input line 90.


Package nag Warning: Command \rm is an old LaTeX 2.09 command. 
(nag)                Use \rmfamily or \textrm instead on input line 90.


Package nag Warning: Command \bf is an old LaTeX 2.09 command. 
(nag)                Use \bfseries or \textbf instead on input line 90.


Package nag Warning: Command \rm is an old LaTeX 2.09 command. 
(nag)                Use \rmfamily or \textrm instead on input line 90.


Package nag Warning: Command \rm is an old LaTeX 2.09 command. 
(nag)                Use \rmfamily or \textrm instead on input line 90.


Package nag Warning: Command \bf is an old LaTeX 2.09 command. 
(nag)                Use \bfseries or \textbf instead on input line 90.


Package nag Warning: Command \bf is an old LaTeX 2.09 command. 
(nag)                Use \bfseries or \textbf instead on input line 90.


Package nag Warning: Command \rm is an old LaTeX 2.09 command. 
(nag)                Use \rmfamily or \textrm instead on input line 90.


Package nag Warning: Command \rm is an old LaTeX 2.09 command. 
(nag)                Use \rmfamily or \textrm instead on input line 90.


Package nag Warning: Command \bf is an old LaTeX 2.09 command. 
(nag)                Use \bfseries or \textbf instead on input line 90.


Package nag Warning: Command \bf is an old LaTeX 2.09 command. 
(nag)                Use \bfseries or \textbf instead on input line 90.


Package nag Warning: Command \bf is an old LaTeX 2.09 command. 
(nag)                Use \bfseries or \textbf instead on input line 90.


Package nag Warning: Command \bf is an old LaTeX 2.09 command. 
(nag)                Use \bfseries or \textbf instead on input line 90.


Package nag Warning: Command \bf is an old LaTeX 2.09 command. 
(nag)                Use \bfseries or \textbf instead on input line 90.


Package nag Warning: Command \rm is an old LaTeX 2.09 command. 
(nag)                Use \rmfamily or \textrm instead on input line 90.


Package nag Warning: Command \bf is an old LaTeX 2.09 command. 
(nag)                Use \bfseries or \textbf instead on input line 90.


Package nag Warning: Command \rm is an old LaTeX 2.09 command. 
(nag)                Use \rmfamily or \textrm instead on input line 90.


Package nag Warning: Command \rm is an old LaTeX 2.09 command. 
(nag)                Use \rmfamily or \textrm instead on input line 90.


Package nag Warning: Command \rm is an old LaTeX 2.09 command. 
(nag)                Use \rmfamily or \textrm instead on input line 90.


Package nag Warning: Command \rm is an old LaTeX 2.09 command. 
(nag)                Use \rmfamily or \textrm instead on input line 90.


Package nag Warning: Command \bf is an old LaTeX 2.09 command. 
(nag)                Use \bfseries or \textbf instead on input line 90.


Package nag Warning: Command \bf is an old LaTeX 2.09 command. 
(nag)                Use \bfseries or \textbf instead on input line 90.


Package nag Warning: Command \bf is an old LaTeX 2.09 command. 
(nag)                Use \bfseries or \textbf instead on input line 90.


Package nag Warning: Command \bf is an old LaTeX 2.09 command. 
(nag)                Use \bfseries or \textbf instead on input line 90.


Package nag Warning: Command \bf is an old LaTeX 2.09 command. 
(nag)                Use \bfseries or \textbf instead on input line 90.


Package nag Warning: Command \bf is an old LaTeX 2.09 command. 
(nag)                Use \bfseries or \textbf instead on input line 90.


Package nag Warning: Command \bf is an old LaTeX 2.09 command. 
(nag)                Use \bfseries or \textbf instead on input line 90.


Package nag Warning: Command \rm is an old LaTeX 2.09 command. 
(nag)                Use \rmfamily or \textrm instead on input line 90.


Package nag Warning: Command \bf is an old LaTeX 2.09 command. 
(nag)                Use \bfseries or \textbf instead on input line 90.


Package nag Warning: Command \rm is an old LaTeX 2.09 command. 
(nag)                Use \rmfamily or \textrm instead on input line 90.


Package nag Warning: Command \rm is an old LaTeX 2.09 command. 
(nag)                Use \rmfamily or \textrm instead on input line 90.


Package nag Warning: Command \rm is an old LaTeX 2.09 command. 
(nag)                Use \rmfamily or \textrm instead on input line 90.


Package nag Warning: Command \rm is an old LaTeX 2.09 command. 
(nag)                Use \rmfamily or \textrm instead on input line 90.


Package nag Warning: Command \bf is an old LaTeX 2.09 command. 
(nag)                Use \bfseries or \textbf instead on input line 90.


Package nag Warning: Command \bf is an old LaTeX 2.09 command. 
(nag)                Use \bfseries or \textbf instead on input line 90.


Package nag Warning: Command \bf is an old LaTeX 2.09 command. 
(nag)                Use \bfseries or \textbf instead on input line 90.


Package nag Warning: Command \rm is an old LaTeX 2.09 command. 
(nag)                Use \rmfamily or \textrm instead on input line 90.


Package nag Warning: Command \bf is an old LaTeX 2.09 command. 
(nag)                Use \bfseries or \textbf instead on input line 90.


Package nag Warning: Command \rm is an old LaTeX 2.09 command. 
(nag)                Use \rmfamily or \textrm instead on input line 90.


Package nag Warning: Command \rm is an old LaTeX 2.09 command. 
(nag)                Use \rmfamily or \textrm instead on input line 90.


Package nag Warning: Command \rm is an old LaTeX 2.09 command. 
(nag)                Use \rmfamily or \textrm instead on input line 90.


Package nag Warning: Command \rm is an old LaTeX 2.09 command. 
(nag)                Use \rmfamily or \textrm instead on input line 90.


Package nag Warning: Command \bf is an old LaTeX 2.09 command. 
(nag)                Use \bfseries or \textbf instead on input line 90.


Package nag Warning: Command \bf is an old LaTeX 2.09 command. 
(nag)                Use \bfseries or \textbf instead on input line 90.


Package nag Warning: Command \rm is an old LaTeX 2.09 command. 
(nag)                Use \rmfamily or \textrm instead on input line 90.


Package nag Warning: Command \bf is an old LaTeX 2.09 command. 
(nag)                Use \bfseries or \textbf instead on input line 90.


Package nag Warning: Command \rm is an old LaTeX 2.09 command. 
(nag)                Use \rmfamily or \textrm instead on input line 90.


Package nag Warning: Command \bf is an old LaTeX 2.09 command. 
(nag)                Use \bfseries or \textbf instead on input line 90.


Package nag Warning: Command \rm is an old LaTeX 2.09 command. 
(nag)                Use \rmfamily or \textrm instead on input line 90.


Package nag Warning: Command \rm is an old LaTeX 2.09 command. 
(nag)                Use \rmfamily or \textrm instead on input line 90.


Package nag Warning: Command \rm is an old LaTeX 2.09 command. 
(nag)                Use \rmfamily or \textrm instead on input line 90.


Package nag Warning: Command \rm is an old LaTeX 2.09 command. 
(nag)                Use \rmfamily or \textrm instead on input line 90.


Package nag Warning: Command \rm is an old LaTeX 2.09 command. 
(nag)                Use \rmfamily or \textrm instead on input line 90.


Package nag Warning: Command \bf is an old LaTeX 2.09 command. 
(nag)                Use \bfseries or \textbf instead on input line 90.


Package nag Warning: Command \rm is an old LaTeX 2.09 command. 
(nag)                Use \rmfamily or \textrm instead on input line 90.


Package nag Warning: Command \bf is an old LaTeX 2.09 command. 
(nag)                Use \bfseries or \textbf instead on input line 90.


Package nag Warning: Command \bf is an old LaTeX 2.09 command. 
(nag)                Use \bfseries or \textbf instead on input line 90.


Package nag Warning: Command \rm is an old LaTeX 2.09 command. 
(nag)                Use \rmfamily or \textrm instead on input line 90.


Package nag Warning: Command \bf is an old LaTeX 2.09 command. 
(nag)                Use \bfseries or \textbf instead on input line 90.


Package nag Warning: Command \rm is an old LaTeX 2.09 command. 
(nag)                Use \rmfamily or \textrm instead on input line 90.


Package nag Warning: Command \rm is an old LaTeX 2.09 command. 
(nag)                Use \rmfamily or \textrm instead on input line 90.


Package nag Warning: Command \rm is an old LaTeX 2.09 command. 
(nag)                Use \rmfamily or \textrm instead on input line 90.


Package nag Warning: Command \rm is an old LaTeX 2.09 command. 
(nag)                Use \rmfamily or \textrm instead on input line 90.


Package nag Warning: Command \rm is an old LaTeX 2.09 command. 
(nag)                Use \rmfamily or \textrm instead on input line 90.


Package nag Warning: Command \rm is an old LaTeX 2.09 command. 
(nag)                Use \rmfamily or \textrm instead on input line 90.


Package nag Warning: Command \bf is an old LaTeX 2.09 command. 
(nag)                Use \bfseries or \textbf instead on input line 90.


Package nag Warning: Command \bf is an old LaTeX 2.09 command. 
(nag)                Use \bfseries or \textbf instead on input line 90.


Package nag Warning: Command \rm is an old LaTeX 2.09 command. 
(nag)                Use \rmfamily or \textrm instead on input line 90.


Package nag Warning: Command \rm is an old LaTeX 2.09 command. 
(nag)                Use \rmfamily or \textrm instead on input line 90.


Package nag Warning: Command \rm is an old LaTeX 2.09 command. 
(nag)                Use \rmfamily or \textrm instead on input line 90.


Package nag Warning: Command \rm is an old LaTeX 2.09 command. 
(nag)                Use \rmfamily or \textrm instead on input line 90.


Package nag Warning: Command \rm is an old LaTeX 2.09 command. 
(nag)                Use \rmfamily or \textrm instead on input line 90.


Package nag Warning: Command \bf is an old LaTeX 2.09 command. 
(nag)                Use \bfseries or \textbf instead on input line 90.


Package nag Warning: Command \rm is an old LaTeX 2.09 command. 
(nag)                Use \rmfamily or \textrm instead on input line 90.


Package nag Warning: Command \rm is an old LaTeX 2.09 command. 
(nag)                Use \rmfamily or \textrm instead on input line 90.

[2]

Package nag Warning: Command \rm is an old LaTeX 2.09 command. 
(nag)                Use \rmfamily or \textrm instead on input line 103.


Package nag Warning: Command \rm is an old LaTeX 2.09 command. 
(nag)                Use \rmfamily or \textrm instead on input line 103.


Package nag Warning: Command \bf is an old LaTeX 2.09 command. 
(nag)                Use \bfseries or \textbf instead on input line 103.


Package nag Warning: Command \rm is an old LaTeX 2.09 command. 
(nag)                Use \rmfamily or \textrm instead on input line 103.


Package nag Warning: Command \rm is an old LaTeX 2.09 command. 
(nag)                Use \rmfamily or \textrm instead on input line 103.


Package nag Warning: Command \rm is an old LaTeX 2.09 command. 
(nag)                Use \rmfamily or \textrm instead on input line 103.


Package nag Warning: Command \rm is an old LaTeX 2.09 command. 
(nag)                Use \rmfamily or \textrm instead on input line 103.


Package nag Warning: Command \bf is an old LaTeX 2.09 command. 
(nag)                Use \bfseries or \textbf instead on input line 103.


Package nag Warning: Command \rm is an old LaTeX 2.09 command. 
(nag)                Use \rmfamily or \textrm instead on input line 103.


Package nag Warning: Command \rm is an old LaTeX 2.09 command. 
(nag)                Use \rmfamily or \textrm instead on input line 103.


Package nag Warning: Command \bf is an old LaTeX 2.09 command. 
(nag)                Use \bfseries or \textbf instead on input line 103.


Package nag Warning: Command \rm is an old LaTeX 2.09 command. 
(nag)                Use \rmfamily or \textrm instead on input line 103.


Package nag Warning: Command \rm is an old LaTeX 2.09 command. 
(nag)                Use \rmfamily or \textrm instead on input line 103.


Package nag Warning: Command \rm is an old LaTeX 2.09 command. 
(nag)                Use \rmfamily or \textrm instead on input line 103.


Package nag Warning: Command \bf is an old LaTeX 2.09 command. 
(nag)                Use \bfseries or \textbf instead on input line 103.


Package nag Warning: Command \rm is an old LaTeX 2.09 command. 
(nag)                Use \rmfamily or \textrm instead on input line 103.


Package nag Warning: Command \rm is an old LaTeX 2.09 command. 
(nag)                Use \rmfamily or \textrm instead on input line 103.


Package nag Warning: Command \bf is an old LaTeX 2.09 command. 
(nag)                Use \bfseries or \textbf instead on input line 103.


Package nag Warning: Command \rm is an old LaTeX 2.09 command. 
(nag)                Use \rmfamily or \textrm instead on input line 103.


Package nag Warning: Command \bf is an old LaTeX 2.09 command. 
(nag)                Use \bfseries or \textbf instead on input line 103.


Package nag Warning: Command \rm is an old LaTeX 2.09 command. 
(nag)                Use \rmfamily or \textrm instead on input line 103.


Package nag Warning: Command \rm is an old LaTeX 2.09 command. 
(nag)                Use \rmfamily or \textrm instead on input line 103.


Package nag Warning: Command \bf is an old LaTeX 2.09 command. 
(nag)                Use \bfseries or \textbf instead on input line 103.


Package nag Warning: Command \bf is an old LaTeX 2.09 command. 
(nag)                Use \bfseries or \textbf instead on input line 103.


Package nag Warning: Command \bf is an old LaTeX 2.09 command. 
(nag)                Use \bfseries or \textbf instead on input line 103.


Package nag Warning: Command \bf is an old LaTeX 2.09 command. 
(nag)                Use \bfseries or \textbf instead on input line 103.


Package nag Warning: Command \bf is an old LaTeX 2.09 command. 
(nag)                Use \bfseries or \textbf instead on input line 103.


Package nag Warning: Command \bf is an old LaTeX 2.09 command. 
(nag)                Use \bfseries or \textbf instead on input line 103.


Package nag Warning: Command \bf is an old LaTeX 2.09 command. 
(nag)                Use \bfseries or \textbf instead on input line 103.


Package nag Warning: Command \bf is an old LaTeX 2.09 command. 
(nag)                Use \bfseries or \textbf instead on input line 103.


Package nag Warning: Command \bf is an old LaTeX 2.09 command. 
(nag)                Use \bfseries or \textbf instead on input line 103.


Package nag Warning: Command \bf is an old LaTeX 2.09 command. 
(nag)                Use \bfseries or \textbf instead on input line 103.


Package nag Warning: Command \rm is an old LaTeX 2.09 command. 
(nag)                Use \rmfamily or \textrm instead on input line 103.


Package nag Warning: Command \rm is an old LaTeX 2.09 command. 
(nag)                Use \rmfamily or \textrm instead on input line 103.


Package nag Warning: Command \bf is an old LaTeX 2.09 command. 
(nag)                Use \bfseries or \textbf instead on input line 103.


Package nag Warning: Command \rm is an old LaTeX 2.09 command. 
(nag)                Use \rmfamily or \textrm instead on input line 103.


Package nag Warning: Command \rm is an old LaTeX 2.09 command. 
(nag)                Use \rmfamily or \textrm instead on input line 103.


Package nag Warning: Command \rm is an old LaTeX 2.09 command. 
(nag)                Use \rmfamily or \textrm instead on input line 103.


Package nag Warning: Command \rm is an old LaTeX 2.09 command. 
(nag)                Use \rmfamily or \textrm instead on input line 103.


Package nag Warning: Command \bf is an old LaTeX 2.09 command. 
(nag)                Use \bfseries or \textbf instead on input line 103.


Package nag Warning: Command \rm is an old LaTeX 2.09 command. 
(nag)                Use \rmfamily or \textrm instead on input line 103.


Package nag Warning: Command \rm is an old LaTeX 2.09 command. 
(nag)                Use \rmfamily or \textrm instead on input line 103.


Package nag Warning: Command \bf is an old LaTeX 2.09 command. 
(nag)                Use \bfseries or \textbf instead on input line 103.


Package nag Warning: Command \rm is an old LaTeX 2.09 command. 
(nag)                Use \rmfamily or \textrm instead on input line 103.


Package nag Warning: Command \rm is an old LaTeX 2.09 command. 
(nag)                Use \rmfamily or \textrm instead on input line 103.


Package nag Warning: Command \rm is an old LaTeX 2.09 command. 
(nag)                Use \rmfamily or \textrm instead on input line 103.


Package nag Warning: Command \bf is an old LaTeX 2.09 command. 
(nag)                Use \bfseries or \textbf instead on input line 103.


Package nag Warning: Command \rm is an old LaTeX 2.09 command. 
(nag)                Use \rmfamily or \textrm instead on input line 103.


Package nag Warning: Command \rm is an old LaTeX 2.09 command. 
(nag)                Use \rmfamily or \textrm instead on input line 103.


Package nag Warning: Command \bf is an old LaTeX 2.09 command. 
(nag)                Use \bfseries or \textbf instead on input line 103.


Package nag Warning: Command \rm is an old LaTeX 2.09 command. 
(nag)                Use \rmfamily or \textrm instead on input line 103.


Package nag Warning: Command \bf is an old LaTeX 2.09 command. 
(nag)                Use \bfseries or \textbf instead on input line 103.


Package nag Warning: Command \rm is an old LaTeX 2.09 command. 
(nag)                Use \rmfamily or \textrm instead on input line 103.


Package nag Warning: Command \rm is an old LaTeX 2.09 command. 
(nag)                Use \rmfamily or \textrm instead on input line 103.


Package nag Warning: Command \bf is an old LaTeX 2.09 command. 
(nag)                Use \bfseries or \textbf instead on input line 103.


Package nag Warning: Command \bf is an old LaTeX 2.09 command. 
(nag)                Use \bfseries or \textbf instead on input line 103.


Package nag Warning: Command \bf is an old LaTeX 2.09 command. 
(nag)                Use \bfseries or \textbf instead on input line 103.


Package nag Warning: Command \bf is an old LaTeX 2.09 command. 
(nag)                Use \bfseries or \textbf instead on input line 103.


Package nag Warning: Command \bf is an old LaTeX 2.09 command. 
(nag)                Use \bfseries or \textbf instead on input line 103.


Package nag Warning: Command \bf is an old LaTeX 2.09 command. 
(nag)                Use \bfseries or \textbf instead on input line 103.


Package nag Warning: Command \bf is an old LaTeX 2.09 command. 
(nag)                Use \bfseries or \textbf instead on input line 103.


Package nag Warning: Command \bf is an old LaTeX 2.09 command. 
(nag)                Use \bfseries or \textbf instead on input line 103.


Package nag Warning: Command \bf is an old LaTeX 2.09 command. 
(nag)                Use \bfseries or \textbf instead on input line 103.


Package nag Warning: Command \bf is an old LaTeX 2.09 command. 
(nag)                Use \bfseries or \textbf instead on input line 103.

[3]

Package nag Warning: Command \bf is an old LaTeX 2.09 command. 
(nag)                Use \bfseries or \textbf instead on input line 116.


Package nag Warning: Command \bf is an old LaTeX 2.09 command. 
(nag)                Use \bfseries or \textbf instead on input line 116.


Package nag Warning: Command \bf is an old LaTeX 2.09 command. 
(nag)                Use \bfseries or \textbf instead on input line 116.


Package nag Warning: Command \bf is an old LaTeX 2.09 command. 
(nag)                Use \bfseries or \textbf instead on input line 116.


Package nag Warning: Command \bf is an old LaTeX 2.09 command. 
(nag)                Use \bfseries or \textbf instead on input line 116.


Package nag Warning: Command \bf is an old LaTeX 2.09 command. 
(nag)                Use \bfseries or \textbf instead on input line 116.


Package nag Warning: Command \bf is an old LaTeX 2.09 command. 
(nag)                Use \bfseries or \textbf instead on input line 124.


Package nag Warning: Command \bf is an old LaTeX 2.09 command. 
(nag)                Use \bfseries or \textbf instead on input line 124.


Package nag Warning: Command \bf is an old LaTeX 2.09 command. 
(nag)                Use \bfseries or \textbf instead on input line 124.


Package nag Warning: Command \bf is an old LaTeX 2.09 command. 
(nag)                Use \bfseries or \textbf instead on input line 124.


Package nag Warning: Command \bf is an old LaTeX 2.09 command. 
(nag)                Use \bfseries or \textbf instead on input line 131.


Package nag Warning: Command \bf is an old LaTeX 2.09 command. 
(nag)                Use \bfseries or \textbf instead on input line 135.


Package nag Warning: Command \bf is an old LaTeX 2.09 command. 
(nag)                Use \bfseries or \textbf instead on input line 135.


Package nag Warning: Command \rm is an old LaTeX 2.09 command. 
(nag)                Use \rmfamily or \textrm instead on input line 135.


Package nag Warning: Command \bf is an old LaTeX 2.09 command. 
(nag)                Use \bfseries or \textbf instead on input line 135.


Package nag Warning: Command \bf is an old LaTeX 2.09 command. 
(nag)                Use \bfseries or \textbf instead on input line 135.


Package nag Warning: Command \rm is an old LaTeX 2.09 command. 
(nag)                Use \rmfamily or \textrm instead on input line 135.


Package nag Warning: Command \bf is an old LaTeX 2.09 command. 
(nag)                Use \bfseries or \textbf instead on input line 137.


Package nag Warning: Command \bf is an old LaTeX 2.09 command. 
(nag)                Use \bfseries or \textbf instead on input line 141.


Package nag Warning: Command \bf is an old LaTeX 2.09 command. 
(nag)                Use \bfseries or \textbf instead on input line 141.


Package nag Warning: Command \bf is an old LaTeX 2.09 command. 
(nag)                Use \bfseries or \textbf instead on input line 141.


Package nag Warning: Command \rm is an old LaTeX 2.09 command. 
(nag)                Use \rmfamily or \textrm instead on input line 141.


Package nag Warning: Command \bf is an old LaTeX 2.09 command. 
(nag)                Use \bfseries or \textbf instead on input line 141.


Package nag Warning: Command \bf is an old LaTeX 2.09 command. 
(nag)                Use \bfseries or \textbf instead on input line 141.


Package nag Warning: Command \bf is an old LaTeX 2.09 command. 
(nag)                Use \bfseries or \textbf instead on input line 141.


Package nag Warning: Command \rm is an old LaTeX 2.09 command. 
(nag)                Use \rmfamily or \textrm instead on input line 141.

[4]

Package nag Warning: Command \bf is an old LaTeX 2.09 command. 
(nag)                Use \bfseries or \textbf instead on input line 152.


Package nag Warning: Command \bf is an old LaTeX 2.09 command. 
(nag)                Use \bfseries or \textbf instead on input line 160.


Package nag Warning: Command \bf is an old LaTeX 2.09 command. 
(nag)                Use \bfseries or \textbf instead on input line 160.


Package nag Warning: Command \bf is an old LaTeX 2.09 command. 
(nag)                Use \bfseries or \textbf instead on input line 169.


Package nag Warning: Command \bf is an old LaTeX 2.09 command. 
(nag)                Use \bfseries or \textbf instead on input line 169.


Package nag Warning: Command \bf is an old LaTeX 2.09 command. 
(nag)                Use \bfseries or \textbf instead on input line 169.


Package nag Warning: Command \bf is an old LaTeX 2.09 command. 
(nag)                Use \bfseries or \textbf instead on input line 169.


Package nag Warning: Command \bf is an old LaTeX 2.09 command. 
(nag)                Use \bfseries or \textbf instead on input line 169.


Package nag Warning: Command \bf is an old LaTeX 2.09 command. 
(nag)                Use \bfseries or \textbf instead on input line 169.


Package nag Warning: Command \bf is an old LaTeX 2.09 command. 
(nag)                Use \bfseries or \textbf instead on input line 169.


Package nag Warning: Command \bf is an old LaTeX 2.09 command. 
(nag)                Use \bfseries or \textbf instead on input line 169.


Package nag Warning: Command \bf is an old LaTeX 2.09 command. 
(nag)                Use \bfseries or \textbf instead on input line 169.


Package nag Warning: Command \bf is an old LaTeX 2.09 command. 
(nag)                Use \bfseries or \textbf instead on input line 169.


Package nag Warning: Command \bf is an old LaTeX 2.09 command. 
(nag)                Use \bfseries or \textbf instead on input line 169.


Package nag Warning: Command \bf is an old LaTeX 2.09 command. 
(nag)                Use \bfseries or \textbf instead on input line 169.


Package nag Warning: Command \bf is an old LaTeX 2.09 command. 
(nag)                Use \bfseries or \textbf instead on input line 169.


Package nag Warning: Command \bf is an old LaTeX 2.09 command. 
(nag)                Use \bfseries or \textbf instead on input line 169.


Package nag Warning: 408 complaints in total.

[5] (./3_21.aux) ) 
Here is how much of TeX's memory you used:
 3356 strings out of 482863
 47318 string characters out of 5959218
 314707 words of memory out of 5000000
 18657 multiletter control sequences out of 15000+600000
 547285 words of font info for 91 fonts, out of 8000000 for 9000
 269 hyphenation exceptions out of 8191
 43i,16n,38p,388b,272s stack positions out of 5000i,500n,10000p,200000b,80000s

Output written on 3_21.dvi (5 pages, 17484 bytes).
